<?xml version="1.0" encoding="UTF-8" ?>
<testsuite tests="8" failures="2" name="com.sg.dvdlibrary.service.DVDLibraryServiceTest" time="0.045" errors="0" skipped="0">
  <properties>
[...]
</properties>
  <testcase classname="com.sg.dvdlibrary.service.DVDLibraryServiceTest" name="com.sg.dvdlibrary.service.DVDLibraryServiceTest.testAddDVDGoldenPath" time="0.045">
    <failure message="expected: &lt;02/15/2000&gt; but was: &lt;2000-02-15&gt;" type="org.opentest4j.AssertionFailedError">org.opentest4j.AssertionFailedError: expected: &lt;02/15/2000&gt; but was: &lt;2000-02-15&gt;
	at org.junit.jupiter.api.AssertionUtils.fail(AssertionUtils.java:54)
	at org.junit.jupiter.api.AssertEquals.failNotEqual(AssertEquals.java:195)
	at org.junit.jupiter.api.AssertEquals.assertEquals(AssertEquals.java:184)
	at org.junit.jupiter.api.AssertEquals.assertEquals(AssertEquals.java:179)
	at org.junit.jupiter.api.Assertions.assertEquals(Assertions.java:508)
	at com.sg.dvdlibrary.service.DVDLibraryServiceTest.testAddDVDGoldenPath(DVDLibraryServiceTest.java:66)
</failure>
  </testcase>
  <testcase classname="com.sg.dvdlibrary.service.DVDLibraryServiceTest" name="com.sg.dvdlibrary.service.DVDLibraryServiceTest.testBlankInput" time="0">
    <failure message="Text &apos;&apos; could not be parsed at index 0" type="java.time.format.DateTimeParseException">java.time.format.DateTimeParseException: Text &apos;&apos; could not be parsed at index 0
	at java.base/java.time.format.DateTimeFormatter.parseResolved0(DateTimeFormatter.java:2046)
	at java.base/java.time.format.DateTimeFormatter.parse(DateTimeFormatter.java:1948)
	at java.base/java.time.LocalDate.parse(LocalDate.java:428)
	at com.sg.dvdlibrary.service.DVDLibraryServiceTest.testBlankInput(DVDLibraryServiceTest.java:117)
</failure>
  </testcase>
  <testcase classname="com.sg.dvdlibrary.service.DVDLibraryServiceTest" name="com.sg.dvdlibrary.service.DVDLibraryServiceTest.testAddDVDDuplicate" time="0"/>
  <testcase classname="com.sg.dvdlibrary.service.DVDLibraryServiceTest" name="com.sg.dvdlibrary.service.DVDLibraryServiceTest.testGetAllDVDs" time="0"/>
  <testcase classname="com.sg.dvdlibrary.service.DVDLibraryServiceTest" name="com.sg.dvdlibrary.service.DVDLibraryServiceTest.testGetValidDVDs" time="0"/>
  <testcase classname="com.sg.dvdlibrary.service.DVDLibraryServiceTest" name="com.sg.dvdlibrary.service.DVDLibraryServiceTest.testGetDVDByTitle" time="0"/>
  <testcase classname="com.sg.dvdlibrary.service.DVDLibraryServiceTest" name="com.sg.dvdlibrary.service.DVDLibraryServiceTest.testEditDVD" time="0"/>
  <testcase classname="com.sg.dvdlibrary.service.DVDLibraryServiceTest" name="com.sg.dvdlibrary.service.DVDLibraryServiceTest.testDeleteDVD" time="0"/>
</testsuite>