<?xml version="1.0" encoding="UTF-8" ?>
<testsuite tests="6" failures="0" name="com.sg.dvdlibrary.daos.DVDLibraryDaoImplTest" time="0.001" errors="0" skipped="0">
  <properties>
[...]
</properties>
  <testcase classname="com.sg.dvdlibrary.daos.DVDLibraryDaoImplTest" name="com.sg.dvdlibrary.daos.DVDLibraryDaoImplTest.testAddDVD" time="0"/>
  <testcase classname="com.sg.dvdlibrary.daos.DVDLibraryDaoImplTest" name="com.sg.dvdlibrary.daos.DVDLibraryDaoImplTest.testGetAllDVDs" time="0"/>
  <testcase classname="com.sg.dvdlibrary.daos.DVDLibraryDaoImplTest" name="com.sg.dvdlibrary.daos.DVDLibraryDaoImplTest.testGetValidDVDs" time="0"/>
  <testcase classname="com.sg.dvdlibrary.daos.DVDLibraryDaoImplTest" name="com.sg.dvdlibrary.daos.DVDLibraryDaoImplTest.testGetDVDByTitle" time="0"/>
  <testcase classname="com.sg.dvdlibrary.daos.DVDLibraryDaoImplTest" name="com.sg.dvdlibrary.daos.DVDLibraryDaoImplTest.testEditDVD" time="0.001"/>
  <testcase classname="com.sg.dvdlibrary.daos.DVDLibraryDaoImplTest" name="com.sg.dvdlibrary.daos.DVDLibraryDaoImplTest.testDeleteDVD" time="0"/>
</testsuite>